c:\users\masak\source\repos\raymarch\raymarch\x64\release\vc143.pdb
c:\users\masak\source\repos\raymarch\raymarch\x64\release\window.obj
c:\users\masak\source\repos\raymarch\raymarch\x64\release\timer.obj
c:\users\masak\source\repos\raymarch\raymarch\x64\release\main.obj
c:\users\masak\source\repos\raymarch\raymarch\x64\release\application.obj
c:\users\masak\source\repos\raymarch\x64\release\raymarchpixel.cso
c:\users\masak\source\repos\raymarch\x64\release\basicvertexshader.cso
c:\users\masak\source\repos\raymarch\x64\release\raymarch.exe
c:\users\masak\source\repos\raymarch\x64\release\raymarch.pdb
c:\users\masak\source\repos\raymarch\raymarch\x64\release\raymarch.ipdb
c:\users\masak\source\repos\raymarch\raymarch\x64\release\raymarch.iobj
c:\users\masak\source\repos\raymarch\raymarch\x64\release\raymarch.tlog\cl.command.1.tlog
c:\users\masak\source\repos\raymarch\raymarch\x64\release\raymarch.tlog\cl.items.tlog
c:\users\masak\source\repos\raymarch\raymarch\x64\release\raymarch.tlog\cl.read.1.tlog
c:\users\masak\source\repos\raymarch\raymarch\x64\release\raymarch.tlog\cl.write.1.tlog
c:\users\masak\source\repos\raymarch\raymarch\x64\release\raymarch.tlog\fxc.command.1.tlog
c:\users\masak\source\repos\raymarch\raymarch\x64\release\raymarch.tlog\fxc.read.1.tlog
c:\users\masak\source\repos\raymarch\raymarch\x64\release\raymarch.tlog\fxc.write.1.tlog
c:\users\masak\source\repos\raymarch\raymarch\x64\release\raymarch.tlog\link.command.1.tlog
c:\users\masak\source\repos\raymarch\raymarch\x64\release\raymarch.tlog\link.read.1.tlog
c:\users\masak\source\repos\raymarch\raymarch\x64\release\raymarch.tlog\link.secondary.1.tlog
c:\users\masak\source\repos\raymarch\raymarch\x64\release\raymarch.tlog\link.write.1.tlog
