c:\users\masak\source\repos\raymarch\raymarch\x64\debug\vc143.pdb
c:\users\masak\source\repos\raymarch\raymarch\x64\debug\vc143.idb
c:\users\masak\source\repos\raymarch\raymarch\x64\debug\main.obj
c:\users\masak\source\repos\raymarch\raymarch\x64\debug\window.obj
c:\users\masak\source\repos\raymarch\raymarch\x64\debug\timer.obj
c:\users\masak\source\repos\raymarch\raymarch\x64\debug\application.obj
c:\users\masak\source\repos\raymarch\x64\debug\basicvertexshader.cso
c:\users\masak\source\repos\raymarch\x64\debug\raymarchpixel.cso
c:\users\masak\source\repos\raymarch\x64\debug\raymarch.exe
c:\users\masak\source\repos\raymarch\x64\debug\raymarch.pdb
c:\users\masak\source\repos\raymarch\raymarch\x64\debug\raymarch.ilk
c:\users\masak\source\repos\raymarch\raymarch\x64\debug\raymarch.tlog\cl.command.1.tlog
c:\users\masak\source\repos\raymarch\raymarch\x64\debug\raymarch.tlog\cl.items.tlog
c:\users\masak\source\repos\raymarch\raymarch\x64\debug\raymarch.tlog\cl.read.1.tlog
c:\users\masak\source\repos\raymarch\raymarch\x64\debug\raymarch.tlog\cl.write.1.tlog
c:\users\masak\source\repos\raymarch\raymarch\x64\debug\raymarch.tlog\fxc.command.1.tlog
c:\users\masak\source\repos\raymarch\raymarch\x64\debug\raymarch.tlog\fxc.read.1.tlog
c:\users\masak\source\repos\raymarch\raymarch\x64\debug\raymarch.tlog\fxc.write.1.tlog
c:\users\masak\source\repos\raymarch\raymarch\x64\debug\raymarch.tlog\link.command.1.tlog
c:\users\masak\source\repos\raymarch\raymarch\x64\debug\raymarch.tlog\link.read.1.tlog
c:\users\masak\source\repos\raymarch\raymarch\x64\debug\raymarch.tlog\link.secondary.1.tlog
c:\users\masak\source\repos\raymarch\raymarch\x64\debug\raymarch.tlog\link.write.1.tlog
